<?xml version="1.0" encoding="UTF-8"?>
<!-- Generated by org.testng.reporters.JUnitReportReporter -->
<testsuite hostname="DESKTOP-OLEVU1S" failures="0" tests="1" name="TestNGExcecution.KFCLaunch" time="2.887" errors="0" timestamp="2024-11-19T12:52:54 IST" skipped="0">
  <testcase classname="TestNGExcecution.KFCLaunch" name="KFC" time="2.887"/>
  <system-out>
    <![CDATA[KFC is launched]]>
  </system-out>
</testsuite> <!-- TestNGExcecution.KFCLaunch -->
