<?xml version="1.0" encoding="UTF-8"?>
<!-- Generated by org.testng.reporters.JUnitReportReporter -->
<testsuite hostname="DESKTOP-OLEVU1S" failures="0" tests="4" name="TestNG.BAsicsOfTestNG2" time="15.106" errors="0" timestamp="2024-11-18T13:33:10 IST" skipped="0">
  <testcase classname="TestNG.BAsicsOfTestNG2" name="LoginDominos" time="2.770"/>
  <system-out>
    <![CDATA[LoginDominos is launched]]>
  </system-out>
  <testcase classname="TestNG.BAsicsOfTestNG2" name="CreateZomato" time="4.140"/>
  <system-out>
    <![CDATA[CreateZomato is launched]]>
  </system-out>
  <testcase classname="TestNG.BAsicsOfTestNG2" name="DeleteSwiggy" time="3.895"/>
  <system-out>
    <![CDATA[DeleteSwiggy is launched]]>
  </system-out>
  <testcase classname="TestNG.BAsicsOfTestNG2" name="ModifyOlafoods" time="4.301"/>
  <system-out>
    <![CDATA[ModifyOlafoods is launched]]>
  </system-out>
</testsuite> <!-- TestNG.BAsicsOfTestNG2 -->
