<?xml version="1.0" encoding="UTF-8"?>
<!-- Generated by org.testng.reporters.JUnitReportReporter -->
<testsuite hostname="DESKTOP-OLEVU1S" failures="0" tests="1" name="TestNGExcecution.OlafoodsLaunch" time="4.799" errors="0" timestamp="2024-11-19T12:52:54 IST" skipped="0">
  <testcase classname="TestNGExcecution.OlafoodsLaunch" name="Olafoods" time="4.799"/>
  <system-out>
    <![CDATA[Ola Foods is launched]]>
  </system-out>
</testsuite> <!-- TestNGExcecution.OlafoodsLaunch -->
