<?xml version="1.0" encoding="UTF-8"?>
<!-- Generated by org.testng.reporters.JUnitReportReporter -->
<testsuite hostname="DESKTOP-OLEVU1S" failures="0" tests="1" name="TestNG.BAsicsOfTestNG" time="4.964" errors="0" timestamp="2024-11-18T13:05:12 IST" skipped="0">
  <testcase classname="TestNG.BAsicsOfTestNG" name="Olafoods" time="4.964"/>
  <system-out>
    <![CDATA[Ola Foods is launched]]>
  </system-out>
</testsuite> <!-- TestNG.BAsicsOfTestNG -->
