<?xml version="1.0" encoding="UTF-8"?>
<!-- Generated by org.testng.reporters.JUnitReportReporter -->
<testsuite hostname="DESKTOP-OLEVU1S" failures="0" tests="1" name="TestNGExcecution.ZomatoLaunch" time="3.637" errors="0" timestamp="2024-11-19T12:48:15 IST" skipped="0">
  <testcase classname="TestNGExcecution.ZomatoLaunch" name="Zomato" time="3.637"/>
  <system-out>
    <![CDATA[Zomato is launched]]>
  </system-out>
</testsuite> <!-- TestNGExcecution.ZomatoLaunch -->
