<?xml version="1.0" encoding="UTF-8"?>
<!-- Generated by org.testng.reporters.JUnitReportReporter -->
<testsuite hostname="DESKTOP-OLEVU1S" failures="0" tests="1" name="TestNGExcecution.DominosLaunch" time="3.266" errors="0" timestamp="2024-11-19T12:48:15 IST" skipped="0">
  <testcase classname="TestNGExcecution.DominosLaunch" name="Dominos" time="3.266"/>
  <system-out>
    <![CDATA[Dominos is launched]]>
  </system-out>
</testsuite> <!-- TestNGExcecution.DominosLaunch -->
