<?xml version="1.0" encoding="UTF-8"?>
<!-- Generated by org.testng.reporters.JUnitReportReporter -->
<testsuite hostname="DESKTOP-OLEVU1S" failures="0" tests="4" name="TestNG.DataProviderMethod" time="9.644" errors="0" timestamp="2024-11-19T10:32:14 IST" skipped="0">
  <testcase classname="TestNG.DataProviderMethod" name="sendData" time="2.268"/>
  <system-out/>
  <testcase classname="TestNG.DataProviderMethod" name="sendData" time="2.860"/>
  <system-out/>
  <testcase classname="TestNG.DataProviderMethod" name="sendData" time="2.251"/>
  <system-out/>
  <testcase classname="TestNG.DataProviderMethod" name="sendData" time="2.265"/>
  <system-out/>
</testsuite> <!-- TestNG.DataProviderMethod -->
