<?xml version="1.0" encoding="UTF-8"?>
<!-- Generated by org.testng.reporters.JUnitReportReporter -->
<testsuite hostname="DESKTOP-OLEVU1S" failures="0" tests="1" name="Chronology.ChronologyOrders" time="0.009" errors="0" timestamp="2024-11-19T13:57:43 IST" skipped="0">
  <testcase classname="Chronology.ChronologyOrders" name="chronologyMain" time="0.009"/>
  <system-out>
    <![CDATA[Main is getting launched]]>
  </system-out>
</testsuite> <!-- Chronology.ChronologyOrders -->
